/home/airlab/ros2_ws/src/image_streamer/install/image_streamer/lib/python3.10/site-packages/image_streamer/template.py
/home/airlab/ros2_ws/src/image_streamer/install/image_streamer/lib/python3.10/site-packages/image_streamer/spyder_console_widget.py
/home/airlab/ros2_ws/src/image_streamer/install/image_streamer/lib/python3.10/site-packages/image_streamer/py_console_widget.py
/home/airlab/ros2_ws/src/image_streamer/install/image_streamer/lib/python3.10/site-packages/image_streamer/py_console_text_edit.py
/home/airlab/ros2_ws/src/image_streamer/install/image_streamer/lib/python3.10/site-packages/image_streamer/main.py
/home/airlab/ros2_ws/src/image_streamer/install/image_streamer/lib/python3.10/site-packages/image_streamer/__init__.py
/home/airlab/ros2_ws/src/image_streamer/install/image_streamer/lib/python3.10/site-packages/image_streamer/__pycache__/template.cpython-310.pyc
/home/airlab/ros2_ws/src/image_streamer/install/image_streamer/lib/python3.10/site-packages/image_streamer/__pycache__/spyder_console_widget.cpython-310.pyc
/home/airlab/ros2_ws/src/image_streamer/install/image_streamer/lib/python3.10/site-packages/image_streamer/__pycache__/py_console_widget.cpython-310.pyc
/home/airlab/ros2_ws/src/image_streamer/install/image_streamer/lib/python3.10/site-packages/image_streamer/__pycache__/py_console_text_edit.cpython-310.pyc
/home/airlab/ros2_ws/src/image_streamer/install/image_streamer/lib/python3.10/site-packages/image_streamer/__pycache__/main.cpython-310.pyc
/home/airlab/ros2_ws/src/image_streamer/install/image_streamer/lib/python3.10/site-packages/image_streamer/__pycache__/__init__.cpython-310.pyc
/home/airlab/ros2_ws/src/image_streamer/install/image_streamer/share/ament_index/resource_index/packages/image_streamer
/home/airlab/ros2_ws/src/image_streamer/install/image_streamer/share/image_streamer/resource/py_console_widget.ui
/home/airlab/ros2_ws/src/image_streamer/install/image_streamer/share/image_streamer/package.xml
/home/airlab/ros2_ws/src/image_streamer/install/image_streamer/share/image_streamer/plugin.xml
/home/airlab/ros2_ws/src/image_streamer/install/image_streamer/lib/python3.10/site-packages/image_streamer-1.0.2-py3.10.egg-info/zip-safe
/home/airlab/ros2_ws/src/image_streamer/install/image_streamer/lib/python3.10/site-packages/image_streamer-1.0.2-py3.10.egg-info/dependency_links.txt
/home/airlab/ros2_ws/src/image_streamer/install/image_streamer/lib/python3.10/site-packages/image_streamer-1.0.2-py3.10.egg-info/requires.txt
/home/airlab/ros2_ws/src/image_streamer/install/image_streamer/lib/python3.10/site-packages/image_streamer-1.0.2-py3.10.egg-info/top_level.txt
/home/airlab/ros2_ws/src/image_streamer/install/image_streamer/lib/python3.10/site-packages/image_streamer-1.0.2-py3.10.egg-info/PKG-INFO
/home/airlab/ros2_ws/src/image_streamer/install/image_streamer/lib/python3.10/site-packages/image_streamer-1.0.2-py3.10.egg-info/entry_points.txt
/home/airlab/ros2_ws/src/image_streamer/install/image_streamer/lib/python3.10/site-packages/image_streamer-1.0.2-py3.10.egg-info/SOURCES.txt
/home/airlab/ros2_ws/src/image_streamer/install/image_streamer/lib/image_streamer/image_streamer
